2017-06-04 09:32:28,266 [Worker-12] INFO  o.e.m.c.i.p.ProjectConfigurationManager - Collecting project info '/pom.xml' /Users/zhanghongbin01/workspace/study-demo/demo/java/javaweb/pom.xml
2017-06-04 09:32:29,570 [Worker-12] INFO  o.e.m.c.i.l.LifecycleMappingFactory - Using org.eclipse.m2e.jdt.JarLifecycleMapping lifecycle mapping for MavenProject: com.baidu:javaweb:0.0.1-SNAPSHOT @ /Users/zhanghongbin01/workspace/study-demo/demo/java/javaweb/pom.xml.
2017-06-04 09:32:30,678 [Worker-12] INFO  o.e.m.j.i.AbstractJavaProjectConfigurator - Adding source folder /javaweb/src/main/java
2017-06-04 09:32:30,684 [Worker-12] INFO  o.e.m.j.i.AbstractJavaProjectConfigurator - Adding source folder /javaweb/src/test/java
2017-06-04 09:32:31,578 [Worker-12] INFO  o.e.m.c.i.p.ProjectConfigurationManager - Imported and configured 1 project(s) in 3 sec
2017-06-04 09:32:32,799 [Worker-1] INFO  o.e.m.c.i.embedder.EclipseLogger - Using 'UTF-8' encoding to copy filtered resources.
2017-06-04 09:32:32,800 [Worker-1] INFO  o.e.m.c.i.embedder.EclipseLogger - skip non existing resourceDirectory /Users/zhanghongbin01/workspace/study-demo/demo/java/javaweb/src/main/resources
2017-06-04 09:32:32,803 [Worker-1] INFO  o.e.m.c.i.embedder.EclipseLogger - Using 'UTF-8' encoding to copy filtered resources.
2017-06-04 09:32:32,803 [Worker-1] INFO  o.e.m.c.i.embedder.EclipseLogger - skip non existing resourceDirectory /Users/zhanghongbin01/workspace/study-demo/demo/java/javaweb/src/test/resources
2017-06-04 09:32:49,072 [Worker-5] INFO  o.e.m.c.i.embedder.EclipseLogger - Using 'UTF-8' encoding to copy filtered resources.
2017-06-04 09:32:49,072 [Worker-5] INFO  o.e.m.c.i.embedder.EclipseLogger - skip non existing resourceDirectory /Users/zhanghongbin01/workspace/study-demo/demo/java/javaweb/src/main/resources
2017-06-04 09:32:49,074 [Worker-5] INFO  o.e.m.c.i.embedder.EclipseLogger - Using 'UTF-8' encoding to copy filtered resources.
2017-06-04 09:32:49,074 [Worker-5] INFO  o.e.m.c.i.embedder.EclipseLogger - skip non existing resourceDirectory /Users/zhanghongbin01/workspace/study-demo/demo/java/javaweb/src/test/resources
2017-06-04 09:32:58,167 [Worker-16] INFO  o.e.m.c.i.embedder.EclipseLogger - Using 'UTF-8' encoding to copy filtered resources.
2017-06-04 09:32:58,167 [Worker-16] INFO  o.e.m.c.i.embedder.EclipseLogger - skip non existing resourceDirectory /Users/zhanghongbin01/workspace/study-demo/demo/java/javaweb/src/main/resources
2017-06-04 09:32:58,170 [Worker-16] INFO  o.e.m.c.i.embedder.EclipseLogger - Using 'UTF-8' encoding to copy filtered resources.
2017-06-04 09:32:58,170 [Worker-16] INFO  o.e.m.c.i.embedder.EclipseLogger - skip non existing resourceDirectory /Users/zhanghongbin01/workspace/study-demo/demo/java/javaweb/src/test/resources
2017-06-04 09:33:18,644 [Worker-3] INFO  o.e.m.c.i.embedder.EclipseLogger - Using 'UTF-8' encoding to copy filtered resources.
2017-06-04 09:33:18,644 [Worker-3] INFO  o.e.m.c.i.embedder.EclipseLogger - skip non existing resourceDirectory /Users/zhanghongbin01/workspace/study-demo/demo/java/javaweb/src/main/resources
2017-06-04 09:33:18,646 [Worker-3] INFO  o.e.m.c.i.embedder.EclipseLogger - Using 'UTF-8' encoding to copy filtered resources.
2017-06-04 09:33:18,646 [Worker-3] INFO  o.e.m.c.i.embedder.EclipseLogger - skip non existing resourceDirectory /Users/zhanghongbin01/workspace/study-demo/demo/java/javaweb/src/test/resources
2017-06-04 09:33:19,673 [Worker-4] INFO  o.e.m.c.i.embedder.EclipseLogger - Using 'UTF-8' encoding to copy filtered resources.
2017-06-04 09:33:19,673 [Worker-4] INFO  o.e.m.c.i.embedder.EclipseLogger - skip non existing resourceDirectory /Users/zhanghongbin01/workspace/study-demo/demo/java/javaweb/src/main/resources
2017-06-04 09:33:19,675 [Worker-4] INFO  o.e.m.c.i.embedder.EclipseLogger - Using 'UTF-8' encoding to copy filtered resources.
2017-06-04 09:33:19,676 [Worker-4] INFO  o.e.m.c.i.embedder.EclipseLogger - skip non existing resourceDirectory /Users/zhanghongbin01/workspace/study-demo/demo/java/javaweb/src/test/resources
2017-06-04 09:33:24,704 [Worker-9] INFO  o.e.m.c.i.embedder.EclipseLogger - Using 'UTF-8' encoding to copy filtered resources.
2017-06-04 09:33:24,704 [Worker-9] INFO  o.e.m.c.i.embedder.EclipseLogger - skip non existing resourceDirectory /Users/zhanghongbin01/workspace/study-demo/demo/java/javaweb/src/main/resources
2017-06-04 09:33:24,706 [Worker-9] INFO  o.e.m.c.i.embedder.EclipseLogger - Using 'UTF-8' encoding to copy filtered resources.
2017-06-04 09:33:24,707 [Worker-9] INFO  o.e.m.c.i.embedder.EclipseLogger - skip non existing resourceDirectory /Users/zhanghongbin01/workspace/study-demo/demo/java/javaweb/src/test/resources
2017-06-04 09:33:29,094 [Worker-4] INFO  o.e.m.c.i.embedder.EclipseLogger - Using 'UTF-8' encoding to copy filtered resources.
2017-06-04 09:33:29,094 [Worker-4] INFO  o.e.m.c.i.embedder.EclipseLogger - skip non existing resourceDirectory /Users/zhanghongbin01/workspace/study-demo/demo/java/javaweb/src/main/resources
2017-06-04 09:33:29,096 [Worker-4] INFO  o.e.m.c.i.embedder.EclipseLogger - Using 'UTF-8' encoding to copy filtered resources.
2017-06-04 09:33:29,097 [Worker-4] INFO  o.e.m.c.i.embedder.EclipseLogger - skip non existing resourceDirectory /Users/zhanghongbin01/workspace/study-demo/demo/java/javaweb/src/test/resources
2017-06-04 09:34:08,045 [Worker-8] INFO  o.e.m.c.i.l.LifecycleMappingFactory - Using org.eclipse.m2e.jdt.JarLifecycleMapping lifecycle mapping for MavenProject: com.baidu:javaweb:0.0.1-SNAPSHOT @ /Users/zhanghongbin01/workspace/study-demo/demo/java/javaweb/pom.xml.
2017-06-04 09:34:18,195 [Worker-8] INFO  o.e.m.c.i.e.AbstractTransferListenerAdapter - Downloaded http://maven.scm.baidu.com:8081/nexus/content/groups/public/org/apache/httpcomponents/httpclient/4.5.3/httpclient-4.5.3.pom
2017-06-04 09:34:28,206 [Worker-8] INFO  o.e.m.c.i.e.AbstractTransferListenerAdapter - Downloaded http://maven.scm.baidu.com:8081/nexus/content/repositories/Baidu_Local/org/apache/httpcomponents/httpclient/4.5.3/httpclient-4.5.3.pom
2017-06-04 09:34:29,210 [Worker-8] INFO  o.e.m.c.i.e.AbstractTransferListenerAdapter - Downloading https://repo.maven.apache.org/maven2/org/apache/httpcomponents/httpclient/4.5.3/httpclient-4.5.3.pom
2017-06-04 09:34:29,394 [Worker-8] INFO  o.e.m.c.i.e.AbstractTransferListenerAdapter - Downloaded https://repo.maven.apache.org/maven2/org/apache/httpcomponents/httpclient/4.5.3/httpclient-4.5.3.pom
2017-06-04 09:34:39,404 [Worker-8] INFO  o.e.m.c.i.e.AbstractTransferListenerAdapter - Downloaded http://maven.scm.baidu.com:8081/nexus/content/groups/public/org/apache/httpcomponents/httpcomponents-client/4.5.3/httpcomponents-client-4.5.3.pom
2017-06-04 09:34:39,446 [Worker-8] INFO  o.e.m.c.i.e.AbstractTransferListenerAdapter - Downloaded http://maven.scm.baidu.com:8081/nexus/content/repositories/Baidu_Local/org/apache/httpcomponents/httpcomponents-client/4.5.3/httpcomponents-client-4.5.3.pom
2017-06-04 09:34:39,614 [Worker-8] INFO  o.e.m.c.i.e.AbstractTransferListenerAdapter - Downloading https://repo.maven.apache.org/maven2/org/apache/httpcomponents/httpcomponents-client/4.5.3/httpcomponents-client-4.5.3.pom
2017-06-04 09:34:39,838 [Worker-8] INFO  o.e.m.c.i.e.AbstractTransferListenerAdapter - Downloaded https://repo.maven.apache.org/maven2/org/apache/httpcomponents/httpcomponents-client/4.5.3/httpcomponents-client-4.5.3.pom
2017-06-04 09:34:39,874 [Worker-8] INFO  o.e.m.c.i.e.AbstractTransferListenerAdapter - Downloading http://maven.scm.baidu.com:8081/nexus/content/groups/public/org/apache/httpcomponents/project/7/project-7.pom
2017-06-04 09:34:39,922 [Worker-8] INFO  o.e.m.c.i.e.AbstractTransferListenerAdapter - Downloaded http://maven.scm.baidu.com:8081/nexus/content/groups/public/org/apache/httpcomponents/project/7/project-7.pom
2017-06-04 09:34:39,981 [Worker-8] INFO  o.e.m.c.i.e.AbstractTransferListenerAdapter - Downloading http://maven.scm.baidu.com:8081/nexus/content/groups/public/org/apache/httpcomponents/httpcore/4.4.6/httpcore-4.4.6.pom
2017-06-04 09:34:40,004 [Worker-8] INFO  o.e.m.c.i.e.AbstractTransferListenerAdapter - Downloaded http://maven.scm.baidu.com:8081/nexus/content/groups/public/org/apache/httpcomponents/httpcore/4.4.6/httpcore-4.4.6.pom
2017-06-04 09:34:40,058 [Worker-8] INFO  o.e.m.c.i.e.AbstractTransferListenerAdapter - Downloading http://maven.scm.baidu.com:8081/nexus/content/groups/public/org/apache/httpcomponents/httpcomponents-core/4.4.6/httpcomponents-core-4.4.6.pom
2017-06-04 09:34:40,133 [Worker-8] INFO  o.e.m.c.i.e.AbstractTransferListenerAdapter - Downloaded http://maven.scm.baidu.com:8081/nexus/content/groups/public/org/apache/httpcomponents/httpcomponents-core/4.4.6/httpcomponents-core-4.4.6.pom
2017-06-04 09:34:40,198 [Worker-8] INFO  o.e.m.c.i.e.AbstractTransferListenerAdapter - Downloading http://maven.scm.baidu.com:8081/nexus/content/groups/public/commons-logging/commons-logging/1.2/commons-logging-1.2.pom
2017-06-04 09:34:40,328 [Worker-8] INFO  o.e.m.c.i.e.AbstractTransferListenerAdapter - Downloaded http://maven.scm.baidu.com:8081/nexus/content/groups/public/commons-logging/commons-logging/1.2/commons-logging-1.2.pom
2017-06-04 09:34:40,348 [Worker-8] INFO  o.e.m.c.i.e.AbstractTransferListenerAdapter - Downloading http://maven.scm.baidu.com:8081/nexus/content/groups/public/org/apache/commons/commons-parent/34/commons-parent-34.pom
2017-06-04 09:34:40,391 [Worker-8] INFO  o.e.m.c.i.e.AbstractTransferListenerAdapter - Downloaded http://maven.scm.baidu.com:8081/nexus/content/groups/public/org/apache/commons/commons-parent/34/commons-parent-34.pom
2017-06-04 09:34:40,457 [Worker-8] INFO  o.e.m.c.i.e.AbstractTransferListenerAdapter - Downloading http://maven.scm.baidu.com:8081/nexus/content/groups/public/commons-codec/commons-codec/1.9/commons-codec-1.9.pom
2017-06-04 09:34:40,538 [Worker-8] INFO  o.e.m.c.i.e.AbstractTransferListenerAdapter - Downloaded http://maven.scm.baidu.com:8081/nexus/content/groups/public/commons-codec/commons-codec/1.9/commons-codec-1.9.pom
2017-06-04 09:34:40,554 [Worker-8] INFO  o.e.m.c.i.e.AbstractTransferListenerAdapter - Downloading http://maven.scm.baidu.com:8081/nexus/content/groups/public/org/apache/commons/commons-parent/32/commons-parent-32.pom
2017-06-04 09:34:40,603 [Worker-8] INFO  o.e.m.c.i.e.AbstractTransferListenerAdapter - Downloaded http://maven.scm.baidu.com:8081/nexus/content/groups/public/org/apache/commons/commons-parent/32/commons-parent-32.pom
2017-06-04 09:34:40,658 [Worker-8] INFO  o.e.m.c.i.e.AbstractTransferListenerAdapter - Downloading http://maven.scm.baidu.com:8081/nexus/content/groups/public/org/apache/httpcomponents/httpclient/4.5.3/httpclient-4.5.3.jar
2017-06-04 09:34:41,026 [Worker-8] INFO  o.e.m.c.i.e.AbstractTransferListenerAdapter - Downloaded http://maven.scm.baidu.com:8081/nexus/content/groups/public/org/apache/httpcomponents/httpclient/4.5.3/httpclient-4.5.3.jar
2017-06-04 09:34:41,057 [Worker-8] INFO  o.e.m.c.i.e.AbstractTransferListenerAdapter - Downloading http://maven.scm.baidu.com:8081/nexus/content/groups/public/org/apache/httpcomponents/httpcore/4.4.6/httpcore-4.4.6.jar
2017-06-04 09:34:41,285 [Worker-8] INFO  o.e.m.c.i.e.AbstractTransferListenerAdapter - Downloaded http://maven.scm.baidu.com:8081/nexus/content/groups/public/org/apache/httpcomponents/httpcore/4.4.6/httpcore-4.4.6.jar
2017-06-04 09:34:41,308 [Worker-8] INFO  o.e.m.c.i.e.AbstractTransferListenerAdapter - Downloading http://maven.scm.baidu.com:8081/nexus/content/groups/public/commons-logging/commons-logging/1.2/commons-logging-1.2.jar
2017-06-04 09:34:41,344 [Worker-8] INFO  o.e.m.c.i.e.AbstractTransferListenerAdapter - Downloaded http://maven.scm.baidu.com:8081/nexus/content/groups/public/commons-logging/commons-logging/1.2/commons-logging-1.2.jar
2017-06-04 09:34:41,356 [Worker-8] INFO  o.e.m.c.i.e.AbstractTransferListenerAdapter - Downloading http://maven.scm.baidu.com:8081/nexus/content/groups/public/commons-codec/commons-codec/1.9/commons-codec-1.9.jar
2017-06-04 09:34:41,452 [Worker-8] INFO  o.e.m.c.i.e.AbstractTransferListenerAdapter - Downloaded http://maven.scm.baidu.com:8081/nexus/content/groups/public/commons-codec/commons-codec/1.9/commons-codec-1.9.jar
2017-06-04 09:34:41,804 [Worker-8] INFO  o.e.m.c.i.embedder.EclipseLogger - Using 'UTF-8' encoding to copy filtered resources.
2017-06-04 09:34:41,804 [Worker-8] INFO  o.e.m.c.i.embedder.EclipseLogger - skip non existing resourceDirectory /Users/zhanghongbin01/workspace/study-demo/demo/java/javaweb/src/main/resources
2017-06-04 09:34:41,809 [Worker-8] INFO  o.e.m.c.i.embedder.EclipseLogger - Using 'UTF-8' encoding to copy filtered resources.
2017-06-04 09:34:41,809 [Worker-8] INFO  o.e.m.c.i.embedder.EclipseLogger - skip non existing resourceDirectory /Users/zhanghongbin01/workspace/study-demo/demo/java/javaweb/src/test/resources
2017-06-04 09:34:43,375 [Worker-4] INFO  o.e.m.c.i.embedder.EclipseLogger - Using 'UTF-8' encoding to copy filtered resources.
2017-06-04 09:34:43,375 [Worker-4] INFO  o.e.m.c.i.embedder.EclipseLogger - skip non existing resourceDirectory /Users/zhanghongbin01/workspace/study-demo/demo/java/javaweb/src/main/resources
2017-06-04 09:34:43,377 [Worker-4] INFO  o.e.m.c.i.embedder.EclipseLogger - Using 'UTF-8' encoding to copy filtered resources.
2017-06-04 09:34:43,377 [Worker-4] INFO  o.e.m.c.i.embedder.EclipseLogger - skip non existing resourceDirectory /Users/zhanghongbin01/workspace/study-demo/demo/java/javaweb/src/test/resources
2017-06-04 09:34:47,520 [Worker-4] INFO  o.e.m.c.i.l.LifecycleMappingFactory - Using org.eclipse.m2e.jdt.JarLifecycleMapping lifecycle mapping for MavenProject: com.baidu:javaweb:0.0.1-SNAPSHOT @ /Users/zhanghongbin01/workspace/study-demo/demo/java/javaweb/pom.xml.
2017-06-04 09:34:47,741 [Worker-4] INFO  o.e.m.c.i.embedder.EclipseLogger - Using 'UTF-8' encoding to copy filtered resources.
2017-06-04 09:34:47,741 [Worker-4] INFO  o.e.m.c.i.embedder.EclipseLogger - skip non existing resourceDirectory /Users/zhanghongbin01/workspace/study-demo/demo/java/javaweb/src/main/resources
2017-06-04 09:34:47,745 [Worker-4] INFO  o.e.m.c.i.embedder.EclipseLogger - Using 'UTF-8' encoding to copy filtered resources.
2017-06-04 09:34:47,745 [Worker-4] INFO  o.e.m.c.i.embedder.EclipseLogger - skip non existing resourceDirectory /Users/zhanghongbin01/workspace/study-demo/demo/java/javaweb/src/test/resources
2017-06-04 09:46:29,906 [Worker-22] INFO  o.e.m.c.i.embedder.EclipseLogger - Using 'UTF-8' encoding to copy filtered resources.
2017-06-04 09:46:29,909 [Worker-22] INFO  o.e.m.c.i.embedder.EclipseLogger - skip non existing resourceDirectory /Users/zhanghongbin01/workspace/study-demo/demo/java/javaweb/src/main/resources
2017-06-04 09:46:29,912 [Worker-22] INFO  o.e.m.c.i.embedder.EclipseLogger - Using 'UTF-8' encoding to copy filtered resources.
2017-06-04 09:46:29,913 [Worker-22] INFO  o.e.m.c.i.embedder.EclipseLogger - skip non existing resourceDirectory /Users/zhanghongbin01/workspace/study-demo/demo/java/javaweb/src/test/resources
2017-06-04 09:46:35,661 [Worker-24] INFO  o.e.m.c.i.embedder.EclipseLogger - Using 'UTF-8' encoding to copy filtered resources.
2017-06-04 09:46:35,661 [Worker-24] INFO  o.e.m.c.i.embedder.EclipseLogger - skip non existing resourceDirectory /Users/zhanghongbin01/workspace/study-demo/demo/java/javaweb/src/main/resources
2017-06-04 09:46:35,663 [Worker-24] INFO  o.e.m.c.i.embedder.EclipseLogger - Using 'UTF-8' encoding to copy filtered resources.
2017-06-04 09:46:35,663 [Worker-24] INFO  o.e.m.c.i.embedder.EclipseLogger - skip non existing resourceDirectory /Users/zhanghongbin01/workspace/study-demo/demo/java/javaweb/src/test/resources
2017-06-04 09:46:46,052 [Worker-0] INFO  o.e.m.c.i.embedder.EclipseLogger - Using 'UTF-8' encoding to copy filtered resources.
2017-06-04 09:46:46,052 [Worker-0] INFO  o.e.m.c.i.embedder.EclipseLogger - skip non existing resourceDirectory /Users/zhanghongbin01/workspace/study-demo/demo/java/javaweb/src/main/resources
2017-06-04 09:46:46,054 [Worker-0] INFO  o.e.m.c.i.embedder.EclipseLogger - Using 'UTF-8' encoding to copy filtered resources.
2017-06-04 09:46:46,054 [Worker-0] INFO  o.e.m.c.i.embedder.EclipseLogger - skip non existing resourceDirectory /Users/zhanghongbin01/workspace/study-demo/demo/java/javaweb/src/test/resources
2017-06-04 09:48:36,700 [Worker-24] INFO  o.e.m.c.i.embedder.EclipseLogger - Using 'UTF-8' encoding to copy filtered resources.
2017-06-04 09:48:36,700 [Worker-24] INFO  o.e.m.c.i.embedder.EclipseLogger - skip non existing resourceDirectory /Users/zhanghongbin01/workspace/study-demo/demo/java/javaweb/src/main/resources
2017-06-04 09:48:36,702 [Worker-24] INFO  o.e.m.c.i.embedder.EclipseLogger - Using 'UTF-8' encoding to copy filtered resources.
2017-06-04 09:48:36,702 [Worker-24] INFO  o.e.m.c.i.embedder.EclipseLogger - skip non existing resourceDirectory /Users/zhanghongbin01/workspace/study-demo/demo/java/javaweb/src/test/resources
2017-06-04 09:50:23,122 [Worker-26] INFO  o.e.m.c.i.embedder.EclipseLogger - Using 'UTF-8' encoding to copy filtered resources.
2017-06-04 09:50:23,122 [Worker-26] INFO  o.e.m.c.i.embedder.EclipseLogger - skip non existing resourceDirectory /Users/zhanghongbin01/workspace/study-demo/demo/java/javaweb/src/main/resources
2017-06-04 09:50:23,124 [Worker-26] INFO  o.e.m.c.i.embedder.EclipseLogger - Using 'UTF-8' encoding to copy filtered resources.
2017-06-04 09:50:23,124 [Worker-26] INFO  o.e.m.c.i.embedder.EclipseLogger - skip non existing resourceDirectory /Users/zhanghongbin01/workspace/study-demo/demo/java/javaweb/src/test/resources
2017-06-04 09:51:09,171 [Worker-24] INFO  o.e.m.c.i.embedder.EclipseLogger - Using 'UTF-8' encoding to copy filtered resources.
2017-06-04 09:51:09,172 [Worker-24] INFO  o.e.m.c.i.embedder.EclipseLogger - skip non existing resourceDirectory /Users/zhanghongbin01/workspace/study-demo/demo/java/javaweb/src/main/resources
2017-06-04 09:51:09,174 [Worker-24] INFO  o.e.m.c.i.embedder.EclipseLogger - Using 'UTF-8' encoding to copy filtered resources.
2017-06-04 09:51:09,175 [Worker-24] INFO  o.e.m.c.i.embedder.EclipseLogger - skip non existing resourceDirectory /Users/zhanghongbin01/workspace/study-demo/demo/java/javaweb/src/test/resources
2017-06-04 09:51:16,184 [Worker-20] INFO  o.e.m.c.i.embedder.EclipseLogger - Using 'UTF-8' encoding to copy filtered resources.
2017-06-04 09:51:16,184 [Worker-20] INFO  o.e.m.c.i.embedder.EclipseLogger - skip non existing resourceDirectory /Users/zhanghongbin01/workspace/study-demo/demo/java/javaweb/src/main/resources
2017-06-04 09:51:16,189 [Worker-20] INFO  o.e.m.c.i.embedder.EclipseLogger - Using 'UTF-8' encoding to copy filtered resources.
2017-06-04 09:51:16,189 [Worker-20] INFO  o.e.m.c.i.embedder.EclipseLogger - skip non existing resourceDirectory /Users/zhanghongbin01/workspace/study-demo/demo/java/javaweb/src/test/resources
2017-06-04 09:51:29,087 [Worker-20] INFO  o.e.m.c.i.embedder.EclipseLogger - Using 'UTF-8' encoding to copy filtered resources.
2017-06-04 09:51:29,088 [Worker-20] INFO  o.e.m.c.i.embedder.EclipseLogger - skip non existing resourceDirectory /Users/zhanghongbin01/workspace/study-demo/demo/java/javaweb/src/main/resources
2017-06-04 09:51:29,089 [Worker-20] INFO  o.e.m.c.i.embedder.EclipseLogger - Using 'UTF-8' encoding to copy filtered resources.
2017-06-04 09:51:29,089 [Worker-20] INFO  o.e.m.c.i.embedder.EclipseLogger - skip non existing resourceDirectory /Users/zhanghongbin01/workspace/study-demo/demo/java/javaweb/src/test/resources
2017-06-04 09:52:36,524 [Worker-22] INFO  o.e.m.c.i.embedder.EclipseLogger - Using 'UTF-8' encoding to copy filtered resources.
2017-06-04 09:52:36,524 [Worker-22] INFO  o.e.m.c.i.embedder.EclipseLogger - skip non existing resourceDirectory /Users/zhanghongbin01/workspace/study-demo/demo/java/javaweb/src/main/resources
2017-06-04 09:52:36,526 [Worker-22] INFO  o.e.m.c.i.embedder.EclipseLogger - Using 'UTF-8' encoding to copy filtered resources.
2017-06-04 09:52:36,526 [Worker-22] INFO  o.e.m.c.i.embedder.EclipseLogger - skip non existing resourceDirectory /Users/zhanghongbin01/workspace/study-demo/demo/java/javaweb/src/test/resources
2017-06-04 09:53:11,402 [Worker-26] INFO  o.e.m.c.i.embedder.EclipseLogger - Using 'UTF-8' encoding to copy filtered resources.
2017-06-04 09:53:11,402 [Worker-26] INFO  o.e.m.c.i.embedder.EclipseLogger - skip non existing resourceDirectory /Users/zhanghongbin01/workspace/study-demo/demo/java/javaweb/src/main/resources
2017-06-04 09:53:11,403 [Worker-26] INFO  o.e.m.c.i.embedder.EclipseLogger - Using 'UTF-8' encoding to copy filtered resources.
2017-06-04 09:53:11,403 [Worker-26] INFO  o.e.m.c.i.embedder.EclipseLogger - skip non existing resourceDirectory /Users/zhanghongbin01/workspace/study-demo/demo/java/javaweb/src/test/resources
2017-06-04 10:17:19,441 [Worker-28] INFO  o.e.m.c.i.embedder.EclipseLogger - Using 'UTF-8' encoding to copy filtered resources.
2017-06-04 10:17:19,442 [Worker-28] INFO  o.e.m.c.i.embedder.EclipseLogger - skip non existing resourceDirectory /Users/zhanghongbin01/workspace/study-demo/demo/java/javaweb/src/main/resources
2017-06-04 10:17:19,444 [Worker-28] INFO  o.e.m.c.i.embedder.EclipseLogger - Using 'UTF-8' encoding to copy filtered resources.
2017-06-04 10:17:19,444 [Worker-28] INFO  o.e.m.c.i.embedder.EclipseLogger - skip non existing resourceDirectory /Users/zhanghongbin01/workspace/study-demo/demo/java/javaweb/src/test/resources
2017-06-04 11:06:19,077 [Worker-58] INFO  o.e.m.c.i.embedder.EclipseLogger - Using 'UTF-8' encoding to copy filtered resources.
2017-06-04 11:06:19,079 [Worker-58] INFO  o.e.m.c.i.embedder.EclipseLogger - skip non existing resourceDirectory /Users/zhanghongbin01/workspace/study-demo/demo/java/javaweb/src/main/resources
2017-06-04 11:06:19,082 [Worker-58] INFO  o.e.m.c.i.embedder.EclipseLogger - Using 'UTF-8' encoding to copy filtered resources.
2017-06-04 11:06:19,082 [Worker-58] INFO  o.e.m.c.i.embedder.EclipseLogger - skip non existing resourceDirectory /Users/zhanghongbin01/workspace/study-demo/demo/java/javaweb/src/test/resources
2017-06-04 11:07:37,036 [Worker-57] INFO  o.e.m.c.i.embedder.EclipseLogger - Using 'UTF-8' encoding to copy filtered resources.
2017-06-04 11:07:37,037 [Worker-57] INFO  o.e.m.c.i.embedder.EclipseLogger - skip non existing resourceDirectory /Users/zhanghongbin01/workspace/study-demo/demo/java/javaweb/src/main/resources
2017-06-04 11:07:37,039 [Worker-57] INFO  o.e.m.c.i.embedder.EclipseLogger - Using 'UTF-8' encoding to copy filtered resources.
2017-06-04 11:07:37,039 [Worker-57] INFO  o.e.m.c.i.embedder.EclipseLogger - skip non existing resourceDirectory /Users/zhanghongbin01/workspace/study-demo/demo/java/javaweb/src/test/resources
2017-06-04 11:07:39,913 [Worker-61] INFO  o.e.m.c.i.embedder.EclipseLogger - Using 'UTF-8' encoding to copy filtered resources.
2017-06-04 11:07:39,914 [Worker-61] INFO  o.e.m.c.i.embedder.EclipseLogger - skip non existing resourceDirectory /Users/zhanghongbin01/workspace/study-demo/demo/java/javaweb/src/main/resources
2017-06-04 11:07:39,916 [Worker-61] INFO  o.e.m.c.i.embedder.EclipseLogger - Using 'UTF-8' encoding to copy filtered resources.
2017-06-04 11:07:39,917 [Worker-61] INFO  o.e.m.c.i.embedder.EclipseLogger - skip non existing resourceDirectory /Users/zhanghongbin01/workspace/study-demo/demo/java/javaweb/src/test/resources
2017-06-04 11:08:22,610 [Worker-60] INFO  o.e.m.c.i.embedder.EclipseLogger - Using 'UTF-8' encoding to copy filtered resources.
2017-06-04 11:08:22,610 [Worker-60] INFO  o.e.m.c.i.embedder.EclipseLogger - skip non existing resourceDirectory /Users/zhanghongbin01/workspace/study-demo/demo/java/javaweb/src/main/resources
2017-06-04 11:08:22,613 [Worker-60] INFO  o.e.m.c.i.embedder.EclipseLogger - Using 'UTF-8' encoding to copy filtered resources.
2017-06-04 11:08:22,613 [Worker-60] INFO  o.e.m.c.i.embedder.EclipseLogger - skip non existing resourceDirectory /Users/zhanghongbin01/workspace/study-demo/demo/java/javaweb/src/test/resources
2017-06-04 11:09:58,844 [Worker-59] INFO  o.e.m.c.i.embedder.EclipseLogger - Using 'UTF-8' encoding to copy filtered resources.
2017-06-04 11:09:58,845 [Worker-59] INFO  o.e.m.c.i.embedder.EclipseLogger - skip non existing resourceDirectory /Users/zhanghongbin01/workspace/study-demo/demo/java/javaweb/src/main/resources
2017-06-04 11:09:58,847 [Worker-59] INFO  o.e.m.c.i.embedder.EclipseLogger - Using 'UTF-8' encoding to copy filtered resources.
2017-06-04 11:09:58,847 [Worker-59] INFO  o.e.m.c.i.embedder.EclipseLogger - skip non existing resourceDirectory /Users/zhanghongbin01/workspace/study-demo/demo/java/javaweb/src/test/resources
2017-06-04 11:47:12,765 [Worker-82] INFO  o.e.m.c.i.embedder.EclipseLogger - Using 'UTF-8' encoding to copy filtered resources.
2017-06-04 11:47:12,768 [Worker-82] INFO  o.e.m.c.i.embedder.EclipseLogger - skip non existing resourceDirectory /Users/zhanghongbin01/workspace/study-demo/demo/java/javaweb/src/main/resources
2017-06-04 11:47:12,770 [Worker-82] INFO  o.e.m.c.i.embedder.EclipseLogger - Using 'UTF-8' encoding to copy filtered resources.
2017-06-04 11:47:12,770 [Worker-82] INFO  o.e.m.c.i.embedder.EclipseLogger - skip non existing resourceDirectory /Users/zhanghongbin01/workspace/study-demo/demo/java/javaweb/src/test/resources
2017-06-04 11:47:31,126 [Worker-80] INFO  o.e.m.c.i.embedder.EclipseLogger - Using 'UTF-8' encoding to copy filtered resources.
2017-06-04 11:47:31,126 [Worker-80] INFO  o.e.m.c.i.embedder.EclipseLogger - skip non existing resourceDirectory /Users/zhanghongbin01/workspace/study-demo/demo/java/javaweb/src/main/resources
2017-06-04 11:47:31,128 [Worker-80] INFO  o.e.m.c.i.embedder.EclipseLogger - Using 'UTF-8' encoding to copy filtered resources.
2017-06-04 11:47:31,128 [Worker-80] INFO  o.e.m.c.i.embedder.EclipseLogger - skip non existing resourceDirectory /Users/zhanghongbin01/workspace/study-demo/demo/java/javaweb/src/test/resources
2017-06-04 11:47:35,581 [Worker-82] INFO  o.e.m.c.i.embedder.EclipseLogger - Using 'UTF-8' encoding to copy filtered resources.
2017-06-04 11:47:35,581 [Worker-82] INFO  o.e.m.c.i.embedder.EclipseLogger - skip non existing resourceDirectory /Users/zhanghongbin01/workspace/study-demo/demo/java/javaweb/src/main/resources
2017-06-04 11:47:35,590 [Worker-82] INFO  o.e.m.c.i.embedder.EclipseLogger - Using 'UTF-8' encoding to copy filtered resources.
2017-06-04 11:47:35,590 [Worker-82] INFO  o.e.m.c.i.embedder.EclipseLogger - skip non existing resourceDirectory /Users/zhanghongbin01/workspace/study-demo/demo/java/javaweb/src/test/resources
2017-06-04 11:48:40,237 [Worker-82] INFO  o.e.m.c.i.embedder.EclipseLogger - Using 'UTF-8' encoding to copy filtered resources.
2017-06-04 11:48:40,237 [Worker-82] INFO  o.e.m.c.i.embedder.EclipseLogger - skip non existing resourceDirectory /Users/zhanghongbin01/workspace/study-demo/demo/java/javaweb/src/main/resources
2017-06-04 11:48:40,242 [Worker-82] INFO  o.e.m.c.i.embedder.EclipseLogger - Using 'UTF-8' encoding to copy filtered resources.
2017-06-04 11:48:40,243 [Worker-82] INFO  o.e.m.c.i.embedder.EclipseLogger - skip non existing resourceDirectory /Users/zhanghongbin01/workspace/study-demo/demo/java/javaweb/src/test/resources
2017-06-04 11:50:12,379 [Worker-84] INFO  o.e.m.c.i.embedder.EclipseLogger - Using 'UTF-8' encoding to copy filtered resources.
2017-06-04 11:50:12,380 [Worker-84] INFO  o.e.m.c.i.embedder.EclipseLogger - skip non existing resourceDirectory /Users/zhanghongbin01/workspace/study-demo/demo/java/javaweb/src/main/resources
2017-06-04 11:50:12,381 [Worker-84] INFO  o.e.m.c.i.embedder.EclipseLogger - Using 'UTF-8' encoding to copy filtered resources.
2017-06-04 11:50:12,381 [Worker-84] INFO  o.e.m.c.i.embedder.EclipseLogger - skip non existing resourceDirectory /Users/zhanghongbin01/workspace/study-demo/demo/java/javaweb/src/test/resources
2017-06-04 11:51:02,001 [Worker-85] INFO  o.e.m.c.i.embedder.EclipseLogger - Using 'UTF-8' encoding to copy filtered resources.
2017-06-04 11:51:02,002 [Worker-85] INFO  o.e.m.c.i.embedder.EclipseLogger - skip non existing resourceDirectory /Users/zhanghongbin01/workspace/study-demo/demo/java/javaweb/src/main/resources
2017-06-04 11:51:02,003 [Worker-85] INFO  o.e.m.c.i.embedder.EclipseLogger - Using 'UTF-8' encoding to copy filtered resources.
2017-06-04 11:51:02,004 [Worker-85] INFO  o.e.m.c.i.embedder.EclipseLogger - skip non existing resourceDirectory /Users/zhanghongbin01/workspace/study-demo/demo/java/javaweb/src/test/resources
2017-06-04 11:51:36,815 [Worker-77] INFO  o.e.m.c.i.embedder.EclipseLogger - Using 'UTF-8' encoding to copy filtered resources.
2017-06-04 11:51:36,816 [Worker-77] INFO  o.e.m.c.i.embedder.EclipseLogger - skip non existing resourceDirectory /Users/zhanghongbin01/workspace/study-demo/demo/java/javaweb/src/main/resources
2017-06-04 11:51:36,818 [Worker-77] INFO  o.e.m.c.i.embedder.EclipseLogger - Using 'UTF-8' encoding to copy filtered resources.
2017-06-04 11:51:36,819 [Worker-77] INFO  o.e.m.c.i.embedder.EclipseLogger - skip non existing resourceDirectory /Users/zhanghongbin01/workspace/study-demo/demo/java/javaweb/src/test/resources
2017-06-04 12:22:03,937 [Worker-107] INFO  o.e.m.c.i.embedder.EclipseLogger - Using 'UTF-8' encoding to copy filtered resources.
2017-06-04 12:22:03,941 [Worker-107] INFO  o.e.m.c.i.embedder.EclipseLogger - skip non existing resourceDirectory /Users/zhanghongbin01/workspace/study-demo/demo/java/javaweb/src/main/resources
2017-06-04 12:22:03,944 [Worker-107] INFO  o.e.m.c.i.embedder.EclipseLogger - Using 'UTF-8' encoding to copy filtered resources.
2017-06-04 12:22:03,944 [Worker-107] INFO  o.e.m.c.i.embedder.EclipseLogger - skip non existing resourceDirectory /Users/zhanghongbin01/workspace/study-demo/demo/java/javaweb/src/test/resources
2017-06-04 13:17:20,814 [Worker-127] INFO  o.e.m.c.i.embedder.EclipseLogger - Using 'UTF-8' encoding to copy filtered resources.
2017-06-04 13:17:20,817 [Worker-127] INFO  o.e.m.c.i.embedder.EclipseLogger - skip non existing resourceDirectory /Users/zhanghongbin01/workspace/study-demo/demo/java/javaweb/src/main/resources
2017-06-04 13:17:20,820 [Worker-127] INFO  o.e.m.c.i.embedder.EclipseLogger - Using 'UTF-8' encoding to copy filtered resources.
2017-06-04 13:17:20,820 [Worker-127] INFO  o.e.m.c.i.embedder.EclipseLogger - skip non existing resourceDirectory /Users/zhanghongbin01/workspace/study-demo/demo/java/javaweb/src/test/resources
2017-06-04 13:17:26,081 [Worker-124] INFO  o.e.m.c.i.embedder.EclipseLogger - Using 'UTF-8' encoding to copy filtered resources.
2017-06-04 13:17:26,082 [Worker-124] INFO  o.e.m.c.i.embedder.EclipseLogger - skip non existing resourceDirectory /Users/zhanghongbin01/workspace/study-demo/demo/java/javaweb/src/main/resources
2017-06-04 13:17:26,083 [Worker-124] INFO  o.e.m.c.i.embedder.EclipseLogger - Using 'UTF-8' encoding to copy filtered resources.
2017-06-04 13:17:26,084 [Worker-124] INFO  o.e.m.c.i.embedder.EclipseLogger - skip non existing resourceDirectory /Users/zhanghongbin01/workspace/study-demo/demo/java/javaweb/src/test/resources
2017-06-04 13:17:31,767 [Worker-128] INFO  o.e.m.c.i.embedder.EclipseLogger - Using 'UTF-8' encoding to copy filtered resources.
2017-06-04 13:17:31,768 [Worker-128] INFO  o.e.m.c.i.embedder.EclipseLogger - skip non existing resourceDirectory /Users/zhanghongbin01/workspace/study-demo/demo/java/javaweb/src/main/resources
2017-06-04 13:17:31,771 [Worker-128] INFO  o.e.m.c.i.embedder.EclipseLogger - Using 'UTF-8' encoding to copy filtered resources.
2017-06-04 13:17:31,771 [Worker-128] INFO  o.e.m.c.i.embedder.EclipseLogger - skip non existing resourceDirectory /Users/zhanghongbin01/workspace/study-demo/demo/java/javaweb/src/test/resources
2017-06-04 13:18:31,541 [Worker-127] INFO  o.e.m.c.i.embedder.EclipseLogger - Using 'UTF-8' encoding to copy filtered resources.
2017-06-04 13:18:31,542 [Worker-127] INFO  o.e.m.c.i.embedder.EclipseLogger - skip non existing resourceDirectory /Users/zhanghongbin01/workspace/study-demo/demo/java/javaweb/src/main/resources
2017-06-04 13:18:31,544 [Worker-127] INFO  o.e.m.c.i.embedder.EclipseLogger - Using 'UTF-8' encoding to copy filtered resources.
2017-06-04 13:18:31,545 [Worker-127] INFO  o.e.m.c.i.embedder.EclipseLogger - skip non existing resourceDirectory /Users/zhanghongbin01/workspace/study-demo/demo/java/javaweb/src/test/resources
2017-06-04 13:18:42,066 [Worker-130] INFO  o.e.m.c.i.embedder.EclipseLogger - Using 'UTF-8' encoding to copy filtered resources.
2017-06-04 13:18:42,066 [Worker-130] INFO  o.e.m.c.i.embedder.EclipseLogger - skip non existing resourceDirectory /Users/zhanghongbin01/workspace/study-demo/demo/java/javaweb/src/main/resources
2017-06-04 13:18:42,067 [Worker-130] INFO  o.e.m.c.i.embedder.EclipseLogger - Using 'UTF-8' encoding to copy filtered resources.
2017-06-04 13:18:42,067 [Worker-130] INFO  o.e.m.c.i.embedder.EclipseLogger - skip non existing resourceDirectory /Users/zhanghongbin01/workspace/study-demo/demo/java/javaweb/src/test/resources
2017-06-04 13:20:35,165 [Worker-131] INFO  o.e.m.c.i.embedder.EclipseLogger - Using 'UTF-8' encoding to copy filtered resources.
2017-06-04 13:20:35,167 [Worker-131] INFO  o.e.m.c.i.embedder.EclipseLogger - skip non existing resourceDirectory /Users/zhanghongbin01/workspace/study-demo/demo/java/javaweb/src/main/resources
2017-06-04 13:20:35,170 [Worker-131] INFO  o.e.m.c.i.embedder.EclipseLogger - Using 'UTF-8' encoding to copy filtered resources.
2017-06-04 13:20:35,170 [Worker-131] INFO  o.e.m.c.i.embedder.EclipseLogger - skip non existing resourceDirectory /Users/zhanghongbin01/workspace/study-demo/demo/java/javaweb/src/test/resources
2017-06-04 13:21:56,904 [Worker-130] INFO  o.e.m.c.i.embedder.EclipseLogger - Using 'UTF-8' encoding to copy filtered resources.
2017-06-04 13:21:56,904 [Worker-130] INFO  o.e.m.c.i.embedder.EclipseLogger - skip non existing resourceDirectory /Users/zhanghongbin01/workspace/study-demo/demo/java/javaweb/src/main/resources
2017-06-04 13:21:56,906 [Worker-130] INFO  o.e.m.c.i.embedder.EclipseLogger - Using 'UTF-8' encoding to copy filtered resources.
2017-06-04 13:21:56,906 [Worker-130] INFO  o.e.m.c.i.embedder.EclipseLogger - skip non existing resourceDirectory /Users/zhanghongbin01/workspace/study-demo/demo/java/javaweb/src/test/resources
2017-06-04 13:25:25,179 [Worker-128] INFO  o.e.m.c.i.embedder.EclipseLogger - Using 'UTF-8' encoding to copy filtered resources.
2017-06-04 13:25:25,182 [Worker-128] INFO  o.e.m.c.i.embedder.EclipseLogger - skip non existing resourceDirectory /Users/zhanghongbin01/workspace/study-demo/demo/java/javaweb/src/main/resources
2017-06-04 13:25:25,184 [Worker-128] INFO  o.e.m.c.i.embedder.EclipseLogger - Using 'UTF-8' encoding to copy filtered resources.
2017-06-04 13:25:25,184 [Worker-128] INFO  o.e.m.c.i.embedder.EclipseLogger - skip non existing resourceDirectory /Users/zhanghongbin01/workspace/study-demo/demo/java/javaweb/src/test/resources
2017-06-04 13:25:44,018 [Worker-129] INFO  o.e.m.c.i.embedder.EclipseLogger - Using 'UTF-8' encoding to copy filtered resources.
2017-06-04 13:25:44,019 [Worker-129] INFO  o.e.m.c.i.embedder.EclipseLogger - skip non existing resourceDirectory /Users/zhanghongbin01/workspace/study-demo/demo/java/javaweb/src/main/resources
2017-06-04 13:25:44,022 [Worker-129] INFO  o.e.m.c.i.embedder.EclipseLogger - Using 'UTF-8' encoding to copy filtered resources.
2017-06-04 13:25:44,022 [Worker-129] INFO  o.e.m.c.i.embedder.EclipseLogger - skip non existing resourceDirectory /Users/zhanghongbin01/workspace/study-demo/demo/java/javaweb/src/test/resources
2017-06-04 13:28:36,705 [Worker-130] INFO  o.e.m.c.i.embedder.EclipseLogger - Using 'UTF-8' encoding to copy filtered resources.
2017-06-04 13:28:36,706 [Worker-130] INFO  o.e.m.c.i.embedder.EclipseLogger - skip non existing resourceDirectory /Users/zhanghongbin01/workspace/study-demo/demo/java/javaweb/src/main/resources
2017-06-04 13:28:36,708 [Worker-130] INFO  o.e.m.c.i.embedder.EclipseLogger - Using 'UTF-8' encoding to copy filtered resources.
2017-06-04 13:28:36,708 [Worker-130] INFO  o.e.m.c.i.embedder.EclipseLogger - skip non existing resourceDirectory /Users/zhanghongbin01/workspace/study-demo/demo/java/javaweb/src/test/resources
2017-06-04 13:31:17,258 [Worker-125] INFO  o.e.m.c.i.embedder.EclipseLogger - Using 'UTF-8' encoding to copy filtered resources.
2017-06-04 13:31:17,259 [Worker-125] INFO  o.e.m.c.i.embedder.EclipseLogger - skip non existing resourceDirectory /Users/zhanghongbin01/workspace/study-demo/demo/java/javaweb/src/main/resources
2017-06-04 13:31:17,262 [Worker-125] INFO  o.e.m.c.i.embedder.EclipseLogger - Using 'UTF-8' encoding to copy filtered resources.
2017-06-04 13:31:17,262 [Worker-125] INFO  o.e.m.c.i.embedder.EclipseLogger - skip non existing resourceDirectory /Users/zhanghongbin01/workspace/study-demo/demo/java/javaweb/src/test/resources
2017-06-04 13:32:03,148 [Worker-132] INFO  o.e.m.c.i.embedder.EclipseLogger - Using 'UTF-8' encoding to copy filtered resources.
2017-06-04 13:32:03,149 [Worker-132] INFO  o.e.m.c.i.embedder.EclipseLogger - skip non existing resourceDirectory /Users/zhanghongbin01/workspace/study-demo/demo/java/javaweb/src/main/resources
2017-06-04 13:32:03,151 [Worker-132] INFO  o.e.m.c.i.embedder.EclipseLogger - Using 'UTF-8' encoding to copy filtered resources.
2017-06-04 13:32:03,151 [Worker-132] INFO  o.e.m.c.i.embedder.EclipseLogger - skip non existing resourceDirectory /Users/zhanghongbin01/workspace/study-demo/demo/java/javaweb/src/test/resources
2017-06-04 13:34:30,699 [Worker-132] INFO  o.e.m.c.i.embedder.EclipseLogger - Using 'UTF-8' encoding to copy filtered resources.
2017-06-04 13:34:30,700 [Worker-132] INFO  o.e.m.c.i.embedder.EclipseLogger - skip non existing resourceDirectory /Users/zhanghongbin01/workspace/study-demo/demo/java/javaweb/src/main/resources
2017-06-04 13:34:30,703 [Worker-132] INFO  o.e.m.c.i.embedder.EclipseLogger - Using 'UTF-8' encoding to copy filtered resources.
2017-06-04 13:34:30,703 [Worker-132] INFO  o.e.m.c.i.embedder.EclipseLogger - skip non existing resourceDirectory /Users/zhanghongbin01/workspace/study-demo/demo/java/javaweb/src/test/resources
2017-06-04 13:35:51,181 [Worker-131] INFO  o.e.m.c.i.embedder.EclipseLogger - Using 'UTF-8' encoding to copy filtered resources.
2017-06-04 13:35:51,183 [Worker-131] INFO  o.e.m.c.i.embedder.EclipseLogger - skip non existing resourceDirectory /Users/zhanghongbin01/workspace/study-demo/demo/java/javaweb/src/main/resources
2017-06-04 13:35:51,185 [Worker-131] INFO  o.e.m.c.i.embedder.EclipseLogger - Using 'UTF-8' encoding to copy filtered resources.
2017-06-04 13:35:51,185 [Worker-131] INFO  o.e.m.c.i.embedder.EclipseLogger - skip non existing resourceDirectory /Users/zhanghongbin01/workspace/study-demo/demo/java/javaweb/src/test/resources
2017-06-04 13:42:18,693 [Worker-136] INFO  o.e.m.c.i.embedder.EclipseLogger - Using 'UTF-8' encoding to copy filtered resources.
2017-06-04 13:42:18,693 [Worker-136] INFO  o.e.m.c.i.embedder.EclipseLogger - skip non existing resourceDirectory /Users/zhanghongbin01/workspace/study-demo/demo/java/javaweb/src/main/resources
2017-06-04 13:42:18,694 [Worker-136] INFO  o.e.m.c.i.embedder.EclipseLogger - Using 'UTF-8' encoding to copy filtered resources.
2017-06-04 13:42:18,694 [Worker-136] INFO  o.e.m.c.i.embedder.EclipseLogger - skip non existing resourceDirectory /Users/zhanghongbin01/workspace/study-demo/demo/java/javaweb/src/test/resources
